Using pre-set license
Built from '2021.3/china_unity/release' branch; Version is '2021.3.33f1c1 (682b9db7927c) revision 6826909'; Using compiler version '192829333'; Build Type 'Release'
OS: 'Windows 10  (10.0.19045) 64bit CoreCountrySpecific' Language: 'zh' Physical Memory: 16251 MB
BatchMode: 1, IsHumanControllingUs: 0, StartBugReporterOnCrash: 0, Is64bit: 1, IsPro: 1

COMMAND LINE ARGUMENTS:
E:\software\unity\2021.3.33f1c1\Editor\Unity.exe
-adb2
-batchMode
-noUpm
-name
AssetImportWorker0
-projectPath
G:/work/other/gaming_57
-logFile
Logs/AssetImportWorker0.log
-srvPort
1994
Successfully changed project path to: G:/work/other/gaming_57
G:/work/other/gaming_57
[UnityMemory] Configuration Parameters - Can be set up in boot.config
    "memorysetup-bucket-allocator-granularity=16"
    "memorysetup-bucket-allocator-bucket-count=8"
    "memorysetup-bucket-allocator-block-size=33554432"
    "memorysetup-bucket-allocator-block-count=8"
    "memorysetup-main-allocator-block-size=16777216"
    "memorysetup-thread-allocator-block-size=16777216"
    "memorysetup-gfx-main-allocator-block-size=16777216"
    "memorysetup-gfx-thread-allocator-block-size=16777216"
    "memorysetup-cache-allocator-block-size=4194304"
    "memorysetup-typetree-allocator-block-size=2097152"
    "memorysetup-profiler-bucket-allocator-granularity=16"
    "memorysetup-profiler-bucket-allocator-bucket-count=8"
    "memorysetup-profiler-bucket-allocator-block-size=33554432"
    "memorysetup-profiler-bucket-allocator-block-count=8"
    "memorysetup-profiler-allocator-block-size=16777216"
    "memorysetup-profiler-editor-allocator-block-size=1048576"
    "memorysetup-temp-allocator-size-main=16777216"
    "memorysetup-job-temp-allocator-block-size=2097152"
    "memorysetup-job-temp-allocator-block-size-background=1048576"
    "memorysetup-job-temp-allocator-reduction-small-platforms=262144"
    "memorysetup-temp-allocator-size-background-worker=32768"
    "memorysetup-temp-allocator-size-job-worker=262144"
    "memorysetup-temp-allocator-size-preload-manager=33554432"
    "memorysetup-temp-allocator-size-nav-mesh-worker=65536"
    "memorysetup-temp-allocator-size-audio-worker=65536"
    "memorysetup-temp-allocator-size-cloud-worker=32768"
    "memorysetup-temp-allocator-size-gi-baking-worker=262144"
    "memorysetup-temp-allocator-size-gfx=262144"
Player connection [7152] Host "[IP] 2.0.0.1 [Port] 0 [Flags] 2 [Guid] 2784850827 [EditorId] 2784850827 [Version] 1048832 [Id] WindowsEditor(7,LAPTOP-BTCC521T) [Debug] 1 [PackageName] WindowsEditor [ProjectName] Editor" joined multi-casting on [225.0.0.222:54997]...

Player connection [7152] Host "[IP] 2.0.0.1 [Port] 0 [Flags] 2 [Guid] 2784850827 [EditorId] 2784850827 [Version] 1048832 [Id] WindowsEditor(7,LAPTOP-BTCC521T) [Debug] 1 [PackageName] WindowsEditor [ProjectName] Editor" joined alternative multi-casting on [225.0.0.222:34997]...

AS: AutoStreaming module initializing.
[Physics::Module] Initialized MultithreadedJobDispatcher with {0} workers.
Refreshing native plugins compatible for Editor in 130.90 ms, found 10 plugins.
Preloading 2 native plugins for Editor in 1.65 ms.
Initialize engine version: 2021.3.33f1c1 (682b9db7927c)
[Subsystems] Discovering subsystems at path E:/software/unity/2021.3.33f1c1/Editor/Data/Resources/UnitySubsystems
[Subsystems] Discovering subsystems at path G:/work/other/gaming_57/Assets
GfxDevice: creating device client; threaded=0; jobified=0
Direct3D:
    Version:  Direct3D 11.0 [level 11.1]
    Renderer: NVIDIA GeForce GTX 1650 (ID=0x1f99)
    Vendor:   NVIDIA
    VRAM:     3949 MB
    Driver:   31.0.15.3168
Shader 'Oculus/OVRMRCameraFrameLit': fallback shader 'Alpha-Diffuse' not found
Initialize mono
Mono path[0] = 'E:/software/unity/2021.3.33f1c1/Editor/Data/Managed'
Mono path[1] = 'E:/software/unity/2021.3.33f1c1/Editor/Data/MonoBleedingEdge/lib/mono/unityjit-win32'
Mono config path = 'E:/software/unity/2021.3.33f1c1/Editor/Data/MonoBleedingEdge/etc'
Using monoOptions --debugger-agent=transport=dt_socket,embedding=1,server=y,suspend=n,address=127.0.0.1:56424
Begin MonoManager ReloadAssembly
Registering precompiled unity dll's ...
Register platform support module: E:/software/unity/2021.3.33f1c1/Editor/Data/PlaybackEngines/AndroidPlayer/UnityEditor.Android.Extensions.dll
Register platform support module: E:/software/unity/2021.3.33f1c1/Editor/Data/PlaybackEngines/WindowsStandaloneSupport/UnityEditor.WindowsStandalone.Extensions.dll
Registered in 0.005764 seconds.
Native extension for WindowsStandalone target not found
Native extension for Android target not found
Android Extension - Scanning For ADB Devices 366 ms
Refreshing native plugins compatible for Editor in 117.48 ms, found 10 plugins.
Preloading 2 native plugins for Editor in 0.24 ms.
Mono: successfully reloaded assembly
- Completed reload, in  1.151 seconds
Domain Reload Profiling:
	ReloadAssembly (1152ms)
		BeginReloadAssembly (125ms)
			ExecutionOrderSort (0ms)
			DisableScriptedObjects (0ms)
			BackupInstance (0ms)
			ReleaseScriptingObjects (0ms)
			CreateAndSetChildDomain (1ms)
		EndReloadAssembly (910ms)
			LoadAssemblies (119ms)
			RebuildTransferFunctionScriptingTraits (0ms)
			SetupTypeCache (108ms)
			ReleaseScriptCaches (0ms)
			RebuildScriptCaches (26ms)
			SetupLoadedEditorAssemblies (722ms)
				LogAssemblyErrors (0ms)
				InitializePlatformSupportModulesInManaged (461ms)
				SetLoadedEditorAssemblies (0ms)
				RefreshPlugins (118ms)
				BeforeProcessingInitializeOnLoad (1ms)
				ProcessInitializeOnLoadAttributes (98ms)
				ProcessInitializeOnLoadMethodAttributes (44ms)
				AfterProcessingInitializeOnLoad (0ms)
				EditorAssembliesLoaded (0ms)
			ExecutionOrderSort2 (0ms)
			AwakeInstancesAfterBackupRestoration (0ms)
Platform modules already initialized, skipping
Registering precompiled user dll's ...
Registered in 0.016270 seconds.
Begin MonoManager ReloadAssembly
Native extension for WindowsStandalone target not found
Native extension for Android target not found
Refreshing native plugins compatible for Editor in 1.18 ms, found 10 plugins.
Preloading 2 native plugins for Editor in 0.24 ms.
Package Manager log level set to [2]
[Package Manager] Server::EnsureServerProcessIsRunning -- launch failed, reason: Unity was launched with the -noUpm command-line argument
[Package Manager] Cannot connect to Unity Package Manager local server
[Package Manager] Server::EnsureServerProcessIsRunning -- launch failed, reason: Unity was launched with the -noUpm command-line argument
[Package Manager] Cannot connect to Unity Package Manager local server
[XR] OculusXRPlugin: registering subsystems
[XR] Unable to register display lifecyle provider: [1]
[XR] Oculus Input lifecycle provider registered.
[XR] Unable to register input lifecyle provider: [1]
[XR] OVRP version 1.89.0
Mono: successfully reloaded assembly
- Completed reload, in  1.934 seconds
Domain Reload Profiling:
	ReloadAssembly (1935ms)
		BeginReloadAssembly (161ms)
			ExecutionOrderSort (0ms)
			DisableScriptedObjects (6ms)
			BackupInstance (0ms)
			ReleaseScriptingObjects (0ms)
			CreateAndSetChildDomain (17ms)
		EndReloadAssembly (1632ms)
			LoadAssemblies (159ms)
			RebuildTransferFunctionScriptingTraits (0ms)
			SetupTypeCache (321ms)
			ReleaseScriptCaches (1ms)
			RebuildScriptCaches (84ms)
			SetupLoadedEditorAssemblies (1055ms)
				LogAssemblyErrors (0ms)
				InitializePlatformSupportModulesInManaged (20ms)
				SetLoadedEditorAssemblies (0ms)
				RefreshPlugins (2ms)
				BeforeProcessingInitializeOnLoad (115ms)
				ProcessInitializeOnLoadAttributes (876ms)
				ProcessInitializeOnLoadMethodAttributes (23ms)
				AfterProcessingInitializeOnLoad (19ms)
				EditorAssembliesLoaded (0ms)
			ExecutionOrderSort2 (0ms)
			AwakeInstancesAfterBackupRestoration (8ms)
Platform modules already initialized, skipping
========================================================================
Worker process is ready to serve import requests
Shader 'Oculus/OVRMRCameraFrameLit': fallback shader 'Alpha-Diffuse' not found
Launched and connected shader compiler UnityShaderCompiler.exe after 0.05 seconds
Refreshing native plugins compatible for Editor in 1.09 ms, found 10 plugins.
Preloading 2 native plugins for Editor in 0.18 ms.
Unloading 5043 Unused Serialized files (Serialized files now loaded: 0)
Unloading 60 unused Assets / (171.8 KB). Loaded Objects now: 5493.
Memory consumption went from 188.6 MB to 188.5 MB.
Total: 3.707100 ms (FindLiveObjects: 0.382300 ms CreateObjectMapping: 0.405000 ms MarkObjects: 2.760900 ms  DeleteObjects: 0.158000 ms)

AssetImportParameters requested are different than current active one (requested -> active):
  custom:video-decoder-ogg-theora: a1e56fd34408186e4bbccfd4996cb3dc -> 
  custom:container-muxer-webm: aa71ff27fc2769a1b78a27578f13a17b -> 
  custom:container-demuxer-webm: 4f35f7cbe854078d1ac9338744f61a02 -> 
  custom:video-encoder-webm-vp8: eb34c28f22e8b96e1ab97ce403110664 -> 
  custom:video-codec-MediaFoundation-h265: 746d11721c4dcdbdad8f713fa42b33f4 -> 
  custom:CustomObjectIndexerAttribute: bc11b3a6c3213fcdd17b65e7da85e133 -> 
  custom:audio-encoder-webm-vorbis: bf7c407c2cedff20999df2af8eb42d56 -> 
  custom:framework-win-MediaFoundation: 216162199b28c13a410421893ffa2e32 -> 
  custom:SearchIndexIgnoredProperties: e643bd26f0fe6173181afceb89e7c659 -> 
  custom:container-demuxer-ogg: 62fdf1f143b41e24485cea50d1cbac27 -> 
  custom:video-decoder-webm-vp8: 9c59270c3fd7afecdb556c50c9e8de78 -> 
  custom:audio-decoder-ogg-vorbis: bf7c407c2cedff20999df2af8eb42d56 -> 
========================================================================
Received Import Request.
  Time since last request: 460.837401 seconds.
  path: Assets/Scenes/Chip.unity
  artifactKey: Guid(55f101734a4e6144cb8d0d15f617c483) Importer(815301076,1909f56bfc062723c751e8b465ee728b)
Number of updated assets reloaded before import = 0
Start importing Assets/Scenes/Chip.unity using Guid(55f101734a4e6144cb8d0d15f617c483) Importer(815301076,1909f56bfc062723c751e8b465ee728b)  -> (artifact id: 'c33d83f30603436cf956b49446dfc231') in 0.008928 seconds 
Number of asset objects unloaded after import = 0
========================================================================
Received Import Request.
  Time since last request: 20.239794 seconds.
  path: Assets/Scenes/01Locomotion.unity
  artifactKey: Guid(7dffdb76052e2f64fb216031bdcdee07) Importer(815301076,1909f56bfc062723c751e8b465ee728b)
Number of updated assets reloaded before import = 0
Start importing Assets/Scenes/01Locomotion.unity using Guid(7dffdb76052e2f64fb216031bdcdee07) Importer(815301076,1909f56bfc062723c751e8b465ee728b)  -> (artifact id: 'e6d2cfb30d6b8b47bd2e23b0d0b23f61') in 0.001792 seconds 
Number of asset objects unloaded after import = 0
========================================================================
Received Import Request.
  Time since last request: 5.796469 seconds.
  path: Assets/Scenes/02ChooseDesk.unity
  artifactKey: Guid(a1b4a5274c2e79d47812d1928e03bf54) Importer(815301076,1909f56bfc062723c751e8b465ee728b)
Number of updated assets reloaded before import = 0
Start importing Assets/Scenes/02ChooseDesk.unity using Guid(a1b4a5274c2e79d47812d1928e03bf54) Importer(815301076,1909f56bfc062723c751e8b465ee728b)  -> (artifact id: '7632eafa4ba436b451bd48e04d6ff5e3') in 0.001631 seconds 
Number of asset objects unloaded after import = 0
========================================================================
Received Import Request.
  Time since last request: 7.386880 seconds.
  path: Assets/Scenes/03MainMenu.unity
  artifactKey: Guid(478ff820e97aa4743a8ceb626a3fec00) Importer(815301076,1909f56bfc062723c751e8b465ee728b)
Number of updated assets reloaded before import = 0
Start importing Assets/Scenes/03MainMenu.unity using Guid(478ff820e97aa4743a8ceb626a3fec00) Importer(815301076,1909f56bfc062723c751e8b465ee728b)  -> (artifact id: '35cfc4162273c3d948514ec29fc51e45') in 0.001727 seconds 
Number of asset objects unloaded after import = 0
========================================================================
Received Import Request.
  Time since last request: 6.591689 seconds.
  path: Assets/Scenes/04CheckCard.unity
  artifactKey: Guid(804bce9e8d75d714ca94dda7bb802d2c) Importer(815301076,1909f56bfc062723c751e8b465ee728b)
Number of updated assets reloaded before import = 0
Start importing Assets/Scenes/04CheckCard.unity using Guid(804bce9e8d75d714ca94dda7bb802d2c) Importer(815301076,1909f56bfc062723c751e8b465ee728b)  -> (artifact id: 'ad8c6c1e55090246f59f976740143a4a') in 0.001961 seconds 
Number of asset objects unloaded after import = 0
========================================================================
Received Import Request.
  Time since last request: 6.042216 seconds.
  path: Assets/Scenes/05HitAndStand.unity
  artifactKey: Guid(52be38bf00ca15e41a290bece964f6c0) Importer(815301076,1909f56bfc062723c751e8b465ee728b)
Number of updated assets reloaded before import = 0
Start importing Assets/Scenes/05HitAndStand.unity using Guid(52be38bf00ca15e41a290bece964f6c0) Importer(815301076,1909f56bfc062723c751e8b465ee728b)  -> (artifact id: '84af5ee4f8db868158df3fd45c7ae923') in 0.001917 seconds 
Number of asset objects unloaded after import = 0
========================================================================
Received Import Request.
  Time since last request: 10.729169 seconds.
  path: Assets/Scenes/06Chip.unity
  artifactKey: Guid(55f101734a4e6144cb8d0d15f617c483) Importer(815301076,1909f56bfc062723c751e8b465ee728b)
Number of updated assets reloaded before import = 0
Start importing Assets/Scenes/06Chip.unity using Guid(55f101734a4e6144cb8d0d15f617c483) Importer(815301076,1909f56bfc062723c751e8b465ee728b)  -> (artifact id: 'bf67fd8c5834743a041844248dd59621') in 0.002461 seconds 
Number of asset objects unloaded after import = 0
========================================================================
Received Import Request.
  Time since last request: 6.789321 seconds.
  path: Assets/Scenes/07PoseInteract.unity
  artifactKey: Guid(945955d7334744b409268335d40e5a09) Importer(815301076,1909f56bfc062723c751e8b465ee728b)
Number of updated assets reloaded before import = 0
Start importing Assets/Scenes/07PoseInteract.unity using Guid(945955d7334744b409268335d40e5a09) Importer(815301076,1909f56bfc062723c751e8b465ee728b)  -> (artifact id: '05bf5c693e779df0bd8a396518e6e18a') in 0.001722 seconds 
Number of asset objects unloaded after import = 0
========================================================================
Received Import Request.
  Time since last request: 7.051913 seconds.
  path: Assets/Scenes/08OrderDrink.unity
  artifactKey: Guid(f6929cd87a273974799668f809ce371d) Importer(815301076,1909f56bfc062723c751e8b465ee728b)
Number of updated assets reloaded before import = 0
Start importing Assets/Scenes/08OrderDrink.unity using Guid(f6929cd87a273974799668f809ce371d) Importer(815301076,1909f56bfc062723c751e8b465ee728b)  -> (artifact id: 'aea480cfe62b166f0e117e7ab5278ad0') in 0.001666 seconds 
Number of asset objects unloaded after import = 0
========================================================================
Received Import Request.
  Time since last request: 6.377666 seconds.
  path: Assets/Scenes/09Smoke.unity
  artifactKey: Guid(e2c50905a2d75044cbd9c0d54d806ff9) Importer(815301076,1909f56bfc062723c751e8b465ee728b)
Number of updated assets reloaded before import = 0
Start importing Assets/Scenes/09Smoke.unity using Guid(e2c50905a2d75044cbd9c0d54d806ff9) Importer(815301076,1909f56bfc062723c751e8b465ee728b)  -> (artifact id: 'c0575e75ba87918d27110b6e3d68180e') in 0.001428 seconds 
Number of asset objects unloaded after import = 0
========================================================================
Received Import Request.
  Time since last request: 8.231955 seconds.
  path: Assets/Scenes/10GameBoard.unity
  artifactKey: Guid(b13101fcef7704b4b8ac4dd56c781e16) Importer(815301076,1909f56bfc062723c751e8b465ee728b)
Number of updated assets reloaded before import = 0
Start importing Assets/Scenes/10GameBoard.unity using Guid(b13101fcef7704b4b8ac4dd56c781e16) Importer(815301076,1909f56bfc062723c751e8b465ee728b)  -> (artifact id: '51f6a61a9abdfe17397da42efb3a31af') in 0.002142 seconds 
Number of asset objects unloaded after import = 0
========================================================================
Received Import Request.
  Time since last request: 2.821272 seconds.
  path: Assets/Scenes/11EndGame.unity
  artifactKey: Guid(dca15fde2d531994f84b4623ad841a1c) Importer(815301076,1909f56bfc062723c751e8b465ee728b)
Number of updated assets reloaded before import = 0
Start importing Assets/Scenes/11EndGame.unity using Guid(dca15fde2d531994f84b4623ad841a1c) Importer(815301076,1909f56bfc062723c751e8b465ee728b)  -> (artifact id: '1b16c9fdaf6c26bbbf1943234ca9473f') in 0.001861 seconds 
Number of asset objects unloaded after import = 0
========================================================================
Received Import Request.
  Time since last request: 3072.835793 seconds.
  path: Assets/Scenes/06Chip.unity
  artifactKey: Guid(55f101734a4e6144cb8d0d15f617c483) Importer(815301076,1909f56bfc062723c751e8b465ee728b)
Number of updated assets reloaded before import = 0
Start importing Assets/Scenes/06Chip.unity using Guid(55f101734a4e6144cb8d0d15f617c483) Importer(815301076,1909f56bfc062723c751e8b465ee728b)  -> (artifact id: 'f7a2018d3712178c3eecd2d85cf50855') in 0.005609 seconds 
Number of asset objects unloaded after import = 0
========================================================================
Received Prepare
Registering precompiled user dll's ...
Registered in 0.018217 seconds.
Begin MonoManager ReloadAssembly
Native extension for WindowsStandalone target not found
Native extension for Android target not found
Refreshing native plugins compatible for Editor in 1.34 ms, found 10 plugins.
Preloading 2 native plugins for Editor in 0.20 ms.
[Package Manager] Server::EnsureServerProcessIsRunning -- launch failed, reason: Unity was launched with the -noUpm command-line argument
[Package Manager] Cannot connect to Unity Package Manager local server
[Package Manager] Server::EnsureServerProcessIsRunning -- launch failed, reason: Unity was launched with the -noUpm command-line argument
[Package Manager] Cannot connect to Unity Package Manager local server
[Package Manager] Server::EnsureServerProcessIsRunning -- launch failed, reason: Unity was launched with the -noUpm command-line argument
[Package Manager] Cannot connect to Unity Package Manager local server
[Package Manager] Server::EnsureServerProcessIsRunning -- launch failed, reason: Unity was launched with the -noUpm command-line argument
[Package Manager] Cannot connect to Unity Package Manager local server
Mono: successfully reloaded assembly
- Completed reload, in  2.313 seconds
Domain Reload Profiling:
	ReloadAssembly (2314ms)
		BeginReloadAssembly (460ms)
			ExecutionOrderSort (0ms)
			DisableScriptedObjects (14ms)
			BackupInstance (0ms)
			ReleaseScriptingObjects (0ms)
			CreateAndSetChildDomain (195ms)
		EndReloadAssembly (1705ms)
			LoadAssemblies (205ms)
			RebuildTransferFunctionScriptingTraits (0ms)
			SetupTypeCache (451ms)
			ReleaseScriptCaches (2ms)
			RebuildScriptCaches (68ms)
			SetupLoadedEditorAssemblies (975ms)
				LogAssemblyErrors (0ms)
				InitializePlatformSupportModulesInManaged (31ms)
				SetLoadedEditorAssemblies (1ms)
				RefreshPlugins (2ms)
				BeforeProcessingInitializeOnLoad (98ms)
				ProcessInitializeOnLoadAttributes (792ms)
				ProcessInitializeOnLoadMethodAttributes (27ms)
				AfterProcessingInitializeOnLoad (24ms)
				EditorAssembliesLoaded (0ms)
			ExecutionOrderSort2 (0ms)
			AwakeInstancesAfterBackupRestoration (11ms)
Platform modules already initialized, skipping
Shader 'Oculus/OVRMRCameraFrameLit': fallback shader 'Alpha-Diffuse' not found
Refreshing native plugins compatible for Editor in 1.27 ms, found 10 plugins.
Preloading 2 native plugins for Editor in 0.22 ms.
Unloading 4927 Unused Serialized files (Serialized files now loaded: 0)
Unloading 56 unused Assets / (145.5 KB). Loaded Objects now: 5496.
Memory consumption went from 177.9 MB to 177.8 MB.
Total: 4.988500 ms (FindLiveObjects: 0.571100 ms CreateObjectMapping: 0.502100 ms MarkObjects: 3.628000 ms  DeleteObjects: 0.286200 ms)

AssetImportParameters requested are different than current active one (requested -> active):
  custom:video-decoder-ogg-theora: a1e56fd34408186e4bbccfd4996cb3dc -> 
  custom:container-muxer-webm: aa71ff27fc2769a1b78a27578f13a17b -> 
  custom:container-demuxer-webm: 4f35f7cbe854078d1ac9338744f61a02 -> 
  custom:video-encoder-webm-vp8: eb34c28f22e8b96e1ab97ce403110664 -> 
  custom:video-codec-MediaFoundation-h265: 746d11721c4dcdbdad8f713fa42b33f4 -> 
  custom:CustomObjectIndexerAttribute: bc11b3a6c3213fcdd17b65e7da85e133 -> 
  custom:audio-encoder-webm-vorbis: bf7c407c2cedff20999df2af8eb42d56 -> 
  custom:framework-win-MediaFoundation: 216162199b28c13a410421893ffa2e32 -> 
  custom:SearchIndexIgnoredProperties: e643bd26f0fe6173181afceb89e7c659 -> 
  custom:container-demuxer-ogg: 62fdf1f143b41e24485cea50d1cbac27 -> 
  custom:video-decoder-webm-vp8: 9c59270c3fd7afecdb556c50c9e8de78 -> 
  custom:audio-decoder-ogg-vorbis: bf7c407c2cedff20999df2af8eb42d56 -> 
========================================================================
Received Prepare
Registering precompiled user dll's ...
Registered in 0.016017 seconds.
Begin MonoManager ReloadAssembly
Native extension for WindowsStandalone target not found
Native extension for Android target not found
Refreshing native plugins compatible for Editor in 1.18 ms, found 10 plugins.
Preloading 2 native plugins for Editor in 0.24 ms.
[Package Manager] Server::EnsureServerProcessIsRunning -- launch failed, reason: Unity was launched with the -noUpm command-line argument
[Package Manager] Cannot connect to Unity Package Manager local server
[Package Manager] Server::EnsureServerProcessIsRunning -- launch failed, reason: Unity was launched with the -noUpm command-line argument
[Package Manager] Cannot connect to Unity Package Manager local server
[Package Manager] Server::EnsureServerProcessIsRunning -- launch failed, reason: Unity was launched with the -noUpm command-line argument
[Package Manager] Cannot connect to Unity Package Manager local server
Mono: successfully reloaded assembly
- Completed reload, in  1.865 seconds
Domain Reload Profiling:
	ReloadAssembly (1866ms)
		BeginReloadAssembly (220ms)
			ExecutionOrderSort (0ms)
			DisableScriptedObjects (4ms)
			BackupInstance (0ms)
			ReleaseScriptingObjects (0ms)
			CreateAndSetChildDomain (47ms)
		EndReloadAssembly (1512ms)
			LoadAssemblies (176ms)
			RebuildTransferFunctionScriptingTraits (0ms)
			SetupTypeCache (349ms)
			ReleaseScriptCaches (1ms)
			RebuildScriptCaches (44ms)
			SetupLoadedEditorAssemblies (935ms)
				LogAssemblyErrors (0ms)
				InitializePlatformSupportModulesInManaged (21ms)
				SetLoadedEditorAssemblies (0ms)
				RefreshPlugins (2ms)
				BeforeProcessingInitializeOnLoad (88ms)
				ProcessInitializeOnLoadAttributes (777ms)
				ProcessInitializeOnLoadMethodAttributes (25ms)
				AfterProcessingInitializeOnLoad (21ms)
				EditorAssembliesLoaded (0ms)
			ExecutionOrderSort2 (0ms)
			AwakeInstancesAfterBackupRestoration (9ms)
Platform modules already initialized, skipping
Shader 'Oculus/OVRMRCameraFrameLit': fallback shader 'Alpha-Diffuse' not found
Refreshing native plugins compatible for Editor in 1.15 ms, found 10 plugins.
Preloading 2 native plugins for Editor in 0.21 ms.
Unloading 4927 Unused Serialized files (Serialized files now loaded: 0)
Unloading 55 unused Assets / (130.0 KB). Loaded Objects now: 5500.
Memory consumption went from 177.9 MB to 177.8 MB.
Total: 4.615500 ms (FindLiveObjects: 0.422100 ms CreateObjectMapping: 0.494000 ms MarkObjects: 3.548200 ms  DeleteObjects: 0.149000 ms)

AssetImportParameters requested are different than current active one (requested -> active):
  custom:video-decoder-ogg-theora: a1e56fd34408186e4bbccfd4996cb3dc -> 
  custom:container-muxer-webm: aa71ff27fc2769a1b78a27578f13a17b -> 
  custom:container-demuxer-webm: 4f35f7cbe854078d1ac9338744f61a02 -> 
  custom:video-encoder-webm-vp8: eb34c28f22e8b96e1ab97ce403110664 -> 
  custom:video-codec-MediaFoundation-h265: 746d11721c4dcdbdad8f713fa42b33f4 -> 
  custom:CustomObjectIndexerAttribute: bc11b3a6c3213fcdd17b65e7da85e133 -> 
  custom:audio-encoder-webm-vorbis: bf7c407c2cedff20999df2af8eb42d56 -> 
  custom:framework-win-MediaFoundation: 216162199b28c13a410421893ffa2e32 -> 
  custom:SearchIndexIgnoredProperties: e643bd26f0fe6173181afceb89e7c659 -> 
  custom:container-demuxer-ogg: 62fdf1f143b41e24485cea50d1cbac27 -> 
  custom:video-decoder-webm-vp8: 9c59270c3fd7afecdb556c50c9e8de78 -> 
  custom:audio-decoder-ogg-vorbis: bf7c407c2cedff20999df2af8eb42d56 -> 
========================================================================
Received Import Request.
  Time since last request: 956.084109 seconds.
  path: Assets/Prefabs/card.prefab
  artifactKey: Guid(6e97b8f5816922e41b37f439e5e56247) Importer(815301076,1909f56bfc062723c751e8b465ee728b)
Number of updated assets reloaded before import = 0
Start importing Assets/Prefabs/card.prefab using Guid(6e97b8f5816922e41b37f439e5e56247) Importer(815301076,1909f56bfc062723c751e8b465ee728b)  -> (artifact id: '5eb9042099fdad3909f02ae5d8063aff') in 0.138179 seconds 
Number of asset objects unloaded after import = 29
========================================================================
Received Import Request.
  Time since last request: 0.000015 seconds.
  path: Assets/Prefabs/TablePrefab.prefab
  artifactKey: Guid(9700538668b2f014abe5fcb5368378bb) Importer(815301076,1909f56bfc062723c751e8b465ee728b)
Number of updated assets reloaded before import = 0
Start importing Assets/Prefabs/TablePrefab.prefab using Guid(9700538668b2f014abe5fcb5368378bb) Importer(815301076,1909f56bfc062723c751e8b465ee728b)  -> (artifact id: '45637160df1049a0c93411c0a08e27a2') in 0.104497 seconds 
Number of asset objects unloaded after import = 539
